<?xml version="1.0" encoding="UTF-8" ?>
<testsuite tests="14" failures="0" name="net.geeks.pa.SavingAccountTask.BankAccountPositiveCheck" time="0.006" errors="0" skipped="0">
  <properties>
    <property name="java.runtime.name" value="Java(TM) SE Runtime Environment"/>
    <property name="sun.boot.library.path" value="C:\java\jdk\jre\bin"/>
    <property name="java.vm.version" value="25.5-b02"/>
    <property name="user.country.format" value="RU"/>
    <property name="java.vm.vendor" value="Oracle Corporation"/>
    <property name="maven.multiModuleProjectDirectory" value="C:\Users\pa\Dropbox\pa-java-projects-dir\MyFirstMavenProject"/>
    <property name="java.vendor.url" value="http://java.oracle.com/"/>
    <property name="path.separator" value=";"/>
    <property name="guice.disable.misplaced.annotation.check" value="true"/>
    <property name="java.vm.name" value="Java HotSpot(TM) Client VM"/>
    <property name="file.encoding.pkg" value="sun.io"/>
    <property name="user.script" value=""/>
    <property name="user.country" value="US"/>
    <property name="sun.java.launcher" value="SUN_STANDARD"/>
    <property name="sun.os.patch.level" value="Service Pack 1"/>
    <property name="test" value="BankAccountPositiveCheck"/>
    <property name="java.vm.specification.name" value="Java Virtual Machine Specification"/>
    <property name="user.dir" value="C:\Users\pa\Dropbox\pa-java-projects-dir\MyFirstMavenProject"/>
    <property name="java.runtime.version" value="1.8.0_05-b13"/>
    <property name="java.awt.graphicsenv" value="sun.awt.Win32GraphicsEnvironment"/>
    <property name="java.endorsed.dirs" value="C:\java\jdk\jre\lib\endorsed"/>
    <property name="os.arch" value="x86"/>
    <property name="java.io.tmpdir" value="C:\Users\pa\AppData\Local\Temp\"/>
    <property name="line.separator" value="
"/>
    <property name="java.vm.specification.vendor" value="Oracle Corporation"/>
    <property name="user.variant" value=""/>
    <property name="os.name" value="Windows 7"/>
    <property name="classworlds.conf" value="C:\apache-maven-3.3.9\bin\..\bin\m2.conf"/>
    <property name="sun.jnu.encoding" value="Cp1252"/>
    <property name="java.library.path" value="C:\java\jdk\bin;C:\Windows\Sun\Java\bin;C:\Windows\system32;C:\Windows;C:\apache-maven-3.3.9;C:\apache-maven-3.3.9\bin;C:\apache-ant-1.9.3;C:\apache-ant-1.9.3\bin;C:\java\jdk\;C:\java\jdk\bin;C:\Windows\system32;C:\Windows;C:\Windows\System32\Wbem;C:\Windows\System32\WindowsPowerShell\v1.0\;C:\Program Files\Git\cmd;."/>
    <property name="java.specification.name" value="Java Platform API Specification"/>
    <property name="java.class.version" value="52.0"/>
    <property name="sun.management.compiler" value="HotSpot Client Compiler"/>
    <property name="os.version" value="6.1"/>
    <property name="user.home" value="C:\Users\pa"/>
    <property name="user.timezone" value="Europe/Helsinki"/>
    <property name="java.awt.printerjob" value="sun.awt.windows.WPrinterJob"/>
    <property name="java.specification.version" value="1.8"/>
    <property name="file.encoding" value="Cp1252"/>
    <property name="user.name" value="pa"/>
    <property name="java.class.path" value="C:\apache-maven-3.3.9\bin\..\boot\plexus-classworlds-2.5.2.jar"/>
    <property name="java.vm.specification.version" value="1.8"/>
    <property name="sun.arch.data.model" value="32"/>
    <property name="java.home" value="C:\java\jdk\jre"/>
    <property name="sun.java.command" value="org.codehaus.plexus.classworlds.launcher.Launcher -Dtest=BankAccountPositiveCheck test"/>
    <property name="java.specification.vendor" value="Oracle Corporation"/>
    <property name="user.language" value="en"/>
    <property name="user.language.format" value="ru"/>
    <property name="awt.toolkit" value="sun.awt.windows.WToolkit"/>
    <property name="java.vm.info" value="mixed mode, sharing"/>
    <property name="java.version" value="1.8.0_05"/>
    <property name="java.ext.dirs" value="C:\java\jdk\jre\lib\ext;C:\Windows\Sun\Java\lib\ext"/>
    <property name="sun.boot.class.path" value="C:\java\jdk\jre\lib\resources.jar;C:\java\jdk\jre\lib\rt.jar;C:\java\jdk\jre\lib\sunrsasign.jar;C:\java\jdk\jre\lib\jsse.jar;C:\java\jdk\jre\lib\jce.jar;C:\java\jdk\jre\lib\charsets.jar;C:\java\jdk\jre\lib\jfr.jar;C:\java\jdk\jre\classes"/>
    <property name="sun.stderr.encoding" value="cp437"/>
    <property name="java.vendor" value="Oracle Corporation"/>
    <property name="maven.home" value="C:\apache-maven-3.3.9\bin\.."/>
    <property name="file.separator" value="\"/>
    <property name="java.vendor.url.bug" value="http://bugreport.sun.com/bugreport/"/>
    <property name="sun.cpu.endian" value="little"/>
    <property name="sun.io.unicode.encoding" value="UnicodeLittle"/>
    <property name="sun.stdout.encoding" value="cp437"/>
    <property name="sun.desktop" value="windows"/>
    <property name="sun.cpu.isalist" value="pentium_pro+mmx pentium_pro pentium+mmx pentium i486 i386 i86"/>
  </properties>
  <testcase classname="net.geeks.pa.SavingAccountTask.BankAccountPositiveCheck" name="rateOfInterestCheck[0 - balance = 0, rate of interest = 0]" time="0.005"/>
  <testcase classname="net.geeks.pa.SavingAccountTask.BankAccountPositiveCheck" name="balanceCheck[0 - balance = 0, rate of interest = 0]" time="0.001"/>
  <testcase classname="net.geeks.pa.SavingAccountTask.BankAccountPositiveCheck" name="rateOfInterestCheck[1 - balance = 1, rate of interest = 3]" time="0"/>
  <testcase classname="net.geeks.pa.SavingAccountTask.BankAccountPositiveCheck" name="balanceCheck[1 - balance = 1, rate of interest = 3]" time="0"/>
  <testcase classname="net.geeks.pa.SavingAccountTask.BankAccountPositiveCheck" name="rateOfInterestCheck[2 - balance = 100, rate of interest = 3]" time="0"/>
  <testcase classname="net.geeks.pa.SavingAccountTask.BankAccountPositiveCheck" name="balanceCheck[2 - balance = 100, rate of interest = 3]" time="0"/>
  <testcase classname="net.geeks.pa.SavingAccountTask.BankAccountPositiveCheck" name="rateOfInterestCheck[3 - balance = 101, rate of interest = 5]" time="0"/>
  <testcase classname="net.geeks.pa.SavingAccountTask.BankAccountPositiveCheck" name="balanceCheck[3 - balance = 101, rate of interest = 5]" time="0"/>
  <testcase classname="net.geeks.pa.SavingAccountTask.BankAccountPositiveCheck" name="rateOfInterestCheck[4 - balance = 1 000, rate of interest = 5]" time="0"/>
  <testcase classname="net.geeks.pa.SavingAccountTask.BankAccountPositiveCheck" name="balanceCheck[4 - balance = 1 000, rate of interest = 5]" time="0"/>
  <testcase classname="net.geeks.pa.SavingAccountTask.BankAccountPositiveCheck" name="rateOfInterestCheck[5 - balance = 1 001, rate of interest = 7]" time="0"/>
  <testcase classname="net.geeks.pa.SavingAccountTask.BankAccountPositiveCheck" name="balanceCheck[5 - balance = 1 001, rate of interest = 7]" time="0"/>
  <testcase classname="net.geeks.pa.SavingAccountTask.BankAccountPositiveCheck" name="rateOfInterestCheck[6 - balance = 1 000 000, rate of interest = 7]" time="0"/>
  <testcase classname="net.geeks.pa.SavingAccountTask.BankAccountPositiveCheck" name="balanceCheck[6 - balance = 1 000 000, rate of interest = 7]" time="0"/>
</testsuite>